<?xml version="1.0" encoding="UTF-8"?>
<testsuite xmlns:xsi="http://www.w3.org/2001/XMLSchema-instance" xsi:noNamespaceSchemaLocation="https://maven.apache.org/surefire/maven-surefire-plugin/xsd/surefire-test-report-3.0.xsd" version="3.0" name="runners.TestRunner" time="4.046" tests="1" errors="0" skipped="0" failures="0">
  <properties>
    <property name="java.specification.version" value="23"/>
    <property name="sun.jnu.encoding" value="UTF-8"/>
    <property name="java.class.path" value="/Users/karljakosalem/Selenium/BDD Test/demo/target/test-classes:/Users/karljakosalem/Selenium/BDD Test/demo/target/classes:/Users/karljakosalem/.m2/repository/io/cucumber/cucumber-java/7.15.0/cucumber-java-7.15.0.jar:/Users/karljakosalem/.m2/repository/io/cucumber/cucumber-core/7.15.0/cucumber-core-7.15.0.jar:/Users/karljakosalem/.m2/repository/io/cucumber/cucumber-gherkin/7.15.0/cucumber-gherkin-7.15.0.jar:/Users/karljakosalem/.m2/repository/io/cucumber/cucumber-gherkin-messages/7.15.0/cucumber-gherkin-messages-7.15.0.jar:/Users/karljakosalem/.m2/repository/io/cucumber/gherkin/26.2.0/gherkin-26.2.0.jar:/Users/karljakosalem/.m2/repository/io/cucumber/messages/22.0.0/messages-22.0.0.jar:/Users/karljakosalem/.m2/repository/io/cucumber/tag-expressions/6.0.0/tag-expressions-6.0.0.jar:/Users/karljakosalem/.m2/repository/io/cucumber/cucumber-expressions/17.0.1/cucumber-expressions-17.0.1.jar:/Users/karljakosalem/.m2/repository/io/cucumber/datatable/7.15.0/datatable-7.15.0.jar:/Users/karljakosalem/.m2/repository/io/cucumber/cucumber-plugin/7.15.0/cucumber-plugin-7.15.0.jar:/Users/karljakosalem/.m2/repository/io/cucumber/docstring/7.15.0/docstring-7.15.0.jar:/Users/karljakosalem/.m2/repository/io/cucumber/html-formatter/20.4.0/html-formatter-20.4.0.jar:/Users/karljakosalem/.m2/repository/io/cucumber/junit-xml-formatter/0.2.0/junit-xml-formatter-0.2.0.jar:/Users/karljakosalem/.m2/repository/io/cucumber/ci-environment/10.0.0/ci-environment-10.0.0.jar:/Users/karljakosalem/.m2/repository/org/apiguardian/apiguardian-api/1.1.2/apiguardian-api-1.1.2.jar:/Users/karljakosalem/.m2/repository/io/cucumber/cucumber-junit/7.15.0/cucumber-junit-7.15.0.jar:/Users/karljakosalem/.m2/repository/junit/junit/4.13.2/junit-4.13.2.jar:/Users/karljakosalem/.m2/repository/org/hamcrest/hamcrest-core/1.3/hamcrest-core-1.3.jar:/Users/karljakosalem/.m2/repository/io/rest-assured/rest-assured/5.3.0/rest-assured-5.3.0.jar:/Users/karljakosalem/.m2/repository/org/apache/groovy/groovy/4.0.6/groovy-4.0.6.jar:/Users/karljakosalem/.m2/repository/org/apache/groovy/groovy-xml/4.0.6/groovy-xml-4.0.6.jar:/Users/karljakosalem/.m2/repository/org/apache/httpcomponents/httpclient/4.5.13/httpclient-4.5.13.jar:/Users/karljakosalem/.m2/repository/org/apache/httpcomponents/httpcore/4.4.13/httpcore-4.4.13.jar:/Users/karljakosalem/.m2/repository/commons-logging/commons-logging/1.2/commons-logging-1.2.jar:/Users/karljakosalem/.m2/repository/commons-codec/commons-codec/1.11/commons-codec-1.11.jar:/Users/karljakosalem/.m2/repository/org/apache/httpcomponents/httpmime/4.5.13/httpmime-4.5.13.jar:/Users/karljakosalem/.m2/repository/org/hamcrest/hamcrest/2.1/hamcrest-2.1.jar:/Users/karljakosalem/.m2/repository/org/ccil/cowan/tagsoup/tagsoup/1.2.1/tagsoup-1.2.1.jar:/Users/karljakosalem/.m2/repository/io/rest-assured/json-path/5.3.0/json-path-5.3.0.jar:/Users/karljakosalem/.m2/repository/org/apache/groovy/groovy-json/4.0.6/groovy-json-4.0.6.jar:/Users/karljakosalem/.m2/repository/io/rest-assured/rest-assured-common/5.3.0/rest-assured-common-5.3.0.jar:/Users/karljakosalem/.m2/repository/io/rest-assured/xml-path/5.3.0/xml-path-5.3.0.jar:/Users/karljakosalem/.m2/repository/org/apache/commons/commons-lang3/3.11/commons-lang3-3.11.jar:/Users/karljakosalem/.m2/repository/org/junit/vintage/junit-vintage-engine/5.8.2/junit-vintage-engine-5.8.2.jar:/Users/karljakosalem/.m2/repository/org/junit/platform/junit-platform-engine/1.8.2/junit-platform-engine-1.8.2.jar:/Users/karljakosalem/.m2/repository/org/opentest4j/opentest4j/1.2.0/opentest4j-1.2.0.jar:/Users/karljakosalem/.m2/repository/org/junit/platform/junit-platform-commons/1.8.2/junit-platform-commons-1.8.2.jar:"/>
    <property name="java.vm.vendor" value="Oracle Corporation"/>
    <property name="sun.arch.data.model" value="64"/>
    <property name="java.vendor.url" value="https://java.oracle.com/"/>
    <property name="user.timezone" value="Asia/Manila"/>
    <property name="os.name" value="Mac OS X"/>
    <property name="java.vm.specification.version" value="23"/>
    <property name="sun.java.launcher" value="SUN_STANDARD"/>
    <property name="user.country" value="PH"/>
    <property name="sun.boot.library.path" value="/Users/karljakosalem/Downloads/jdk-23.0.2.jdk/Contents/Home/lib"/>
    <property name="sun.java.command" value="/Users/karljakosalem/Selenium/BDD Test/demo/target/surefire/surefirebooter-20250131135331672_3.jar /Users/karljakosalem/Selenium/BDD Test/demo/target/surefire 2025-01-31T13-53-31_476-jvmRun1 surefire-20250131135331672_1tmp surefire_0-20250131135331672_2tmp"/>
    <property name="http.nonProxyHosts" value="local|*.local|169.254/16|*.169.254/16"/>
    <property name="jdk.debug" value="release"/>
    <property name="surefire.test.class.path" value="/Users/karljakosalem/Selenium/BDD Test/demo/target/test-classes:/Users/karljakosalem/Selenium/BDD Test/demo/target/classes:/Users/karljakosalem/.m2/repository/io/cucumber/cucumber-java/7.15.0/cucumber-java-7.15.0.jar:/Users/karljakosalem/.m2/repository/io/cucumber/cucumber-core/7.15.0/cucumber-core-7.15.0.jar:/Users/karljakosalem/.m2/repository/io/cucumber/cucumber-gherkin/7.15.0/cucumber-gherkin-7.15.0.jar:/Users/karljakosalem/.m2/repository/io/cucumber/cucumber-gherkin-messages/7.15.0/cucumber-gherkin-messages-7.15.0.jar:/Users/karljakosalem/.m2/repository/io/cucumber/gherkin/26.2.0/gherkin-26.2.0.jar:/Users/karljakosalem/.m2/repository/io/cucumber/messages/22.0.0/messages-22.0.0.jar:/Users/karljakosalem/.m2/repository/io/cucumber/tag-expressions/6.0.0/tag-expressions-6.0.0.jar:/Users/karljakosalem/.m2/repository/io/cucumber/cucumber-expressions/17.0.1/cucumber-expressions-17.0.1.jar:/Users/karljakosalem/.m2/repository/io/cucumber/datatable/7.15.0/datatable-7.15.0.jar:/Users/karljakosalem/.m2/repository/io/cucumber/cucumber-plugin/7.15.0/cucumber-plugin-7.15.0.jar:/Users/karljakosalem/.m2/repository/io/cucumber/docstring/7.15.0/docstring-7.15.0.jar:/Users/karljakosalem/.m2/repository/io/cucumber/html-formatter/20.4.0/html-formatter-20.4.0.jar:/Users/karljakosalem/.m2/repository/io/cucumber/junit-xml-formatter/0.2.0/junit-xml-formatter-0.2.0.jar:/Users/karljakosalem/.m2/repository/io/cucumber/ci-environment/10.0.0/ci-environment-10.0.0.jar:/Users/karljakosalem/.m2/repository/org/apiguardian/apiguardian-api/1.1.2/apiguardian-api-1.1.2.jar:/Users/karljakosalem/.m2/repository/io/cucumber/cucumber-junit/7.15.0/cucumber-junit-7.15.0.jar:/Users/karljakosalem/.m2/repository/junit/junit/4.13.2/junit-4.13.2.jar:/Users/karljakosalem/.m2/repository/org/hamcrest/hamcrest-core/1.3/hamcrest-core-1.3.jar:/Users/karljakosalem/.m2/repository/io/rest-assured/rest-assured/5.3.0/rest-assured-5.3.0.jar:/Users/karljakosalem/.m2/repository/org/apache/groovy/groovy/4.0.6/groovy-4.0.6.jar:/Users/karljakosalem/.m2/repository/org/apache/groovy/groovy-xml/4.0.6/groovy-xml-4.0.6.jar:/Users/karljakosalem/.m2/repository/org/apache/httpcomponents/httpclient/4.5.13/httpclient-4.5.13.jar:/Users/karljakosalem/.m2/repository/org/apache/httpcomponents/httpcore/4.4.13/httpcore-4.4.13.jar:/Users/karljakosalem/.m2/repository/commons-logging/commons-logging/1.2/commons-logging-1.2.jar:/Users/karljakosalem/.m2/repository/commons-codec/commons-codec/1.11/commons-codec-1.11.jar:/Users/karljakosalem/.m2/repository/org/apache/httpcomponents/httpmime/4.5.13/httpmime-4.5.13.jar:/Users/karljakosalem/.m2/repository/org/hamcrest/hamcrest/2.1/hamcrest-2.1.jar:/Users/karljakosalem/.m2/repository/org/ccil/cowan/tagsoup/tagsoup/1.2.1/tagsoup-1.2.1.jar:/Users/karljakosalem/.m2/repository/io/rest-assured/json-path/5.3.0/json-path-5.3.0.jar:/Users/karljakosalem/.m2/repository/org/apache/groovy/groovy-json/4.0.6/groovy-json-4.0.6.jar:/Users/karljakosalem/.m2/repository/io/rest-assured/rest-assured-common/5.3.0/rest-assured-common-5.3.0.jar:/Users/karljakosalem/.m2/repository/io/rest-assured/xml-path/5.3.0/xml-path-5.3.0.jar:/Users/karljakosalem/.m2/repository/org/apache/commons/commons-lang3/3.11/commons-lang3-3.11.jar:/Users/karljakosalem/.m2/repository/org/junit/vintage/junit-vintage-engine/5.8.2/junit-vintage-engine-5.8.2.jar:/Users/karljakosalem/.m2/repository/org/junit/platform/junit-platform-engine/1.8.2/junit-platform-engine-1.8.2.jar:/Users/karljakosalem/.m2/repository/org/opentest4j/opentest4j/1.2.0/opentest4j-1.2.0.jar:/Users/karljakosalem/.m2/repository/org/junit/platform/junit-platform-commons/1.8.2/junit-platform-commons-1.8.2.jar:"/>
    <property name="sun.cpu.endian" value="little"/>
    <property name="user.home" value="/Users/karljakosalem"/>
    <property name="user.language" value="en"/>
    <property name="java.specification.vendor" value="Oracle Corporation"/>
    <property name="java.version.date" value="2025-01-21"/>
    <property name="java.home" value="/Users/karljakosalem/Downloads/jdk-23.0.2.jdk/Contents/Home"/>
    <property name="file.separator" value="/"/>
    <property name="basedir" value="/Users/karljakosalem/Selenium/BDD Test/demo"/>
    <property name="java.vm.compressedOopsMode" value="Zero based"/>
    <property name="line.separator" value="&#10;"/>
    <property name="java.vm.specification.vendor" value="Oracle Corporation"/>
    <property name="java.specification.name" value="Java Platform API Specification"/>
    <property name="apple.awt.application.name" value="ForkedBooter"/>
    <property name="surefire.real.class.path" value="/Users/karljakosalem/Selenium/BDD Test/demo/target/surefire/surefirebooter-20250131135331672_3.jar"/>
    <property name="sun.management.compiler" value="HotSpot 64-Bit Tiered Compilers"/>
    <property name="ftp.nonProxyHosts" value="local|*.local|169.254/16|*.169.254/16"/>
    <property name="java.runtime.version" value="23.0.2+7-58"/>
    <property name="user.name" value="karljakosalem"/>
    <property name="stdout.encoding" value="UTF-8"/>
    <property name="path.separator" value=":"/>
    <property name="os.version" value="14.6.1"/>
    <property name="java.runtime.name" value="Java(TM) SE Runtime Environment"/>
    <property name="file.encoding" value="UTF-8"/>
    <property name="java.vm.name" value="Java HotSpot(TM) 64-Bit Server VM"/>
    <property name="localRepository" value="/Users/karljakosalem/.m2/repository"/>
    <property name="java.vendor.url.bug" value="https://bugreport.java.com/bugreport/"/>
    <property name="java.io.tmpdir" value="/var/folders/zz/r93xd62x6wl_nzn2_d1k1z3r0000gn/T/"/>
    <property name="java.version" value="23.0.2"/>
    <property name="user.dir" value="/Users/karljakosalem/Selenium/BDD Test/demo"/>
    <property name="os.arch" value="x86_64"/>
    <property name="java.vm.specification.name" value="Java Virtual Machine Specification"/>
    <property name="native.encoding" value="UTF-8"/>
    <property name="java.library.path" value="/Users/karljakosalem/Library/Java/Extensions:/Library/Java/Extensions:/Network/Library/Java/Extensions:/System/Library/Java/Extensions:/usr/lib/java:."/>
    <property name="java.vm.info" value="mixed mode, sharing"/>
    <property name="stderr.encoding" value="UTF-8"/>
    <property name="java.vendor" value="Oracle Corporation"/>
    <property name="java.vm.version" value="23.0.2+7-58"/>
    <property name="sun.io.unicode.encoding" value="UnicodeBig"/>
    <property name="socksNonProxyHosts" value="local|*.local|169.254/16|*.169.254/16"/>
    <property name="java.class.version" value="67.0"/>
  </properties>
  <testcase name="Verify API Response" classname="API Testing in BDD" time="3.649">
    <system-out><![CDATA[
Scenario: Verify API Response                      # src/test/resources/features/apiTest.feature:3
  Given the API Endpoint "https://httpstat.us/200" # steps.ApiTestSteps.theApiEndpoint(java.lang.String)
  When I send a GET Request                        # steps.ApiTestSteps.iSendGetRequest()
  Then the response status should be 200           # steps.ApiTestSteps.theResoponseStatusShouldBe(int)
  And the response should contain "200 OK"         # steps.ApiTestSteps.theResponseShouldContain(java.lang.String)
]]></system-out>
  </testcase>
</testsuite>